<?xml version="1.0" encoding="UTF-8"?>
<testng-results skipped="0" failed="0" total="1" passed="1">
  <reporter-output>
  </reporter-output>
  <suite name="Default Suite" duration-ms="948" started-at="2016-05-27T16:39:40Z" finished-at="2016-05-27T16:39:41Z">
    <groups>
    </groups>
    <test name="selenium-tutorial" duration-ms="948" started-at="2016-05-27T16:39:40Z" finished-at="2016-05-27T16:39:41Z">
      <class name="testCases.testNG">
        <test-method status="PASS" signature="setUpClass()[pri:0, instance:testCases.testNG@65d09a04]" name="setUpClass" is-config="true" duration-ms="13" started-at="2016-05-27T11:39:40Z" finished-at="2016-05-27T11:39:40Z">
          <reporter-output>
          </reporter-output>
        </test-method> <!-- setUpClass -->
        <test-method status="PASS" signature="setUpMethod()[pri:0, instance:testCases.testNG@65d09a04]" name="setUpMethod" is-config="true" duration-ms="1" started-at="2016-05-27T11:39:40Z" finished-at="2016-05-27T11:39:40Z">
          <reporter-output>
          </reporter-output>
        </test-method> <!-- setUpMethod -->
        <test-method status="PASS" signature="verifyHomepageTitle()[pri:0, instance:testCases.testNG@65d09a04]" name="verifyHomepageTitle" duration-ms="909" started-at="2016-05-27T11:39:40Z" finished-at="2016-05-27T11:39:41Z">
          <reporter-output>
          </reporter-output>
        </test-method> <!-- verifyHomepageTitle -->
        <test-method status="PASS" signature="tearDownMethod()[pri:0, instance:testCases.testNG@65d09a04]" name="tearDownMethod" is-config="true" duration-ms="0" started-at="2016-05-27T11:39:41Z" finished-at="2016-05-27T11:39:41Z">
          <reporter-output>
          </reporter-output>
        </test-method> <!-- tearDownMethod -->
        <test-method status="PASS" signature="tearDownClass()[pri:0, instance:testCases.testNG@65d09a04]" name="tearDownClass" is-config="true" duration-ms="3" started-at="2016-05-27T11:39:41Z" finished-at="2016-05-27T11:39:41Z">
          <reporter-output>
          </reporter-output>
        </test-method> <!-- tearDownClass -->
      </class> <!-- testCases.testNG -->
    </test> <!-- selenium-tutorial -->
  </suite> <!-- Default Suite -->
</testng-results>
